[2018-05-04 09:33:59,910] multiqc                                            [DEBUG  ]  No MultiQC config found: /home/jpita/miniconda3/envs/sagrei/lib/python3.5/site-packages/multiqc_config.yaml
[2018-05-04 09:33:59,911] multiqc                                            [DEBUG  ]  No MultiQC config found: /home/jpita/.multiqc_config.yaml
[2018-05-04 09:33:59,911] multiqc                                            [DEBUG  ]  No MultiQC config found: multiqc_config.yaml
[2018-05-04 09:33:59,911] multiqc                                            [DEBUG  ]  Command used: /home/jpita/miniconda3/envs/sagrei/bin/multiqc -p .
[2018-05-04 09:34:00,104] multiqc                                            [DEBUG  ]  Latest MultiQC version is v1.5
[2018-05-04 09:34:00,105] multiqc                                            [INFO   ]  This is MultiQC v1.5
[2018-05-04 09:34:00,105] multiqc                                            [DEBUG  ]  Command     : /home/jpita/miniconda3/envs/sagrei/bin/multiqc -p .
[2018-05-04 09:34:00,105] multiqc                                            [DEBUG  ]  Working dir : /home/jpita/Final_assignment/FastQC
[2018-05-04 09:34:00,105] multiqc                                            [INFO   ]  Template    : default
[2018-05-04 09:34:00,105] multiqc                                            [INFO   ]  Searching '.'
[2018-05-04 09:34:00,105] multiqc                                            [DEBUG  ]  Analysing modules: custom_content, conpair, peddy, methylQA, qualimap, preseq, quast, qorts, rna_seqc, rsem, rseqc, busco, goleft_indexcov, disambiguate, supernova, deeptools, sargasso, verifybamid, homer, macs2, theta2, snpeff, gatk, htseq, bcftools, featureCounts, dedup, picard, prokka, samblaster, samtools, bamtools, jellyfish, vcftools, bbmap, bismark, hicexplorer, hicup, salmon, kallisto, slamdunk, star, hisat2, tophat, bowtie2, bowtie1, leehom, adapterRemoval, clipandmerge, cutadapt, flexbar, trimmomatic, skewer, sortmerna, biobloomtools, fastq_screen, afterqc, fastqc, clusterflow, bcl2fastq, interop
[2018-05-04 09:34:00,105] multiqc                                            [DEBUG  ]  Using temporary directory for creating report: /tmp/tmpafdpvbev
[2018-05-04 09:34:00,167] multiqc                                            [DEBUG  ]  Ignoring file as matched an ignore pattern: CAB2918_R1__fastqc.html
[2018-05-04 09:34:00,168] multiqc                                            [DEBUG  ]  Ignoring file as matched an ignore pattern: CAB2918_R2__fastqc.html
[2018-05-04 09:34:00,169] multiqc                                            [DEBUG  ]  Ignoring file as matched an ignore pattern: CAB2919_R1__fastqc.html
[2018-05-04 09:34:00,169] multiqc                                            [DEBUG  ]  Ignoring file as matched an ignore pattern: CAB2919_R2__fastqc.html
[2018-05-04 09:34:00,170] multiqc                                            [DEBUG  ]  Ignoring file as matched an ignore pattern: CAB2920_R1__fastqc.html
[2018-05-04 09:34:00,171] multiqc                                            [DEBUG  ]  Ignoring file as matched an ignore pattern: CAB2920_R2__fastqc.html
[2018-05-04 09:34:00,172] multiqc                                            [DEBUG  ]  Ignoring file as matched an ignore pattern: CAB2921_R1__fastqc.html
[2018-05-04 09:34:00,172] multiqc                                            [DEBUG  ]  Ignoring file as matched an ignore pattern: CAB2921_R2__fastqc.html
[2018-05-04 09:34:00,173] multiqc                                            [DEBUG  ]  Ignoring file as matched an ignore pattern: CAB2922_R1__fastqc.html
[2018-05-04 09:34:00,174] multiqc                                            [DEBUG  ]  Ignoring file as matched an ignore pattern: CAB2922_R2__fastqc.html
[2018-05-04 09:34:00,174] multiqc                                            [DEBUG  ]  Ignoring file as matched an ignore pattern: CAB2923_R1__fastqc.html
[2018-05-04 09:34:00,175] multiqc                                            [DEBUG  ]  Ignoring file as matched an ignore pattern: CAB2923_R2__fastqc.html
[2018-05-04 09:34:00,176] multiqc                                            [DEBUG  ]  Ignoring file as matched an ignore pattern: CAB2924_R1__fastqc.html
[2018-05-04 09:34:00,176] multiqc                                            [DEBUG  ]  Ignoring file as matched an ignore pattern: CAB2924_R2__fastqc.html
[2018-05-04 09:34:00,177] multiqc                                            [DEBUG  ]  Ignoring file as matched an ignore pattern: CAB2925_R1__fastqc.html
[2018-05-04 09:34:00,178] multiqc                                            [DEBUG  ]  Ignoring file as matched an ignore pattern: CAB2925_R2__fastqc.html
[2018-05-04 09:34:00,178] multiqc                                            [DEBUG  ]  Ignoring file as matched an ignore pattern: CAB2927_R1__fastqc.html
[2018-05-04 09:34:00,179] multiqc                                            [DEBUG  ]  Ignoring file as matched an ignore pattern: CAB2927_R2__fastqc.html
[2018-05-04 09:34:00,180] multiqc                                            [DEBUG  ]  Ignoring file as matched an ignore pattern: CAB2931_R1__fastqc.html
[2018-05-04 09:34:00,180] multiqc                                            [DEBUG  ]  Ignoring file as matched an ignore pattern: CAB2931_R2__fastqc.html
[2018-05-04 09:34:00,181] multiqc                                            [DEBUG  ]  Ignoring file as matched an ignore pattern: ESM2880_R1__fastqc.html
[2018-05-04 09:34:00,182] multiqc                                            [DEBUG  ]  Ignoring file as matched an ignore pattern: ESM2880_R2__fastqc.html
[2018-05-04 09:34:00,182] multiqc                                            [DEBUG  ]  Ignoring file as matched an ignore pattern: ESM2882_R1__fastqc.html
[2018-05-04 09:34:00,183] multiqc                                            [DEBUG  ]  Ignoring file as matched an ignore pattern: ESM2882_R2__fastqc.html
[2018-05-04 09:34:00,184] multiqc                                            [DEBUG  ]  Ignoring file as matched an ignore pattern: ESM2883_R1__fastqc.html
[2018-05-04 09:34:00,184] multiqc                                            [DEBUG  ]  Ignoring file as matched an ignore pattern: ESM2883_R2__fastqc.html
[2018-05-04 09:34:00,185] multiqc                                            [DEBUG  ]  Ignoring file as matched an ignore pattern: ESM2886_R1__fastqc.html
[2018-05-04 09:34:00,186] multiqc                                            [DEBUG  ]  Ignoring file as matched an ignore pattern: ESM2886_R2__fastqc.html
[2018-05-04 09:34:00,186] multiqc                                            [DEBUG  ]  Ignoring file as matched an ignore pattern: ESM2887_R1__fastqc.html
[2018-05-04 09:34:00,187] multiqc                                            [DEBUG  ]  Ignoring file as matched an ignore pattern: ESM2887_R2__fastqc.html
[2018-05-04 09:34:00,188] multiqc                                            [DEBUG  ]  Ignoring file as matched an ignore pattern: ESM2888_R1__fastqc.html
[2018-05-04 09:34:00,188] multiqc                                            [DEBUG  ]  Ignoring file as matched an ignore pattern: ESM2888_R2__fastqc.html
[2018-05-04 09:34:00,189] multiqc                                            [DEBUG  ]  Ignoring file as matched an ignore pattern: ESM2893_R1__fastqc.html
[2018-05-04 09:34:00,189] multiqc                                            [DEBUG  ]  Ignoring file as matched an ignore pattern: ESM2893_R2__fastqc.html
[2018-05-04 09:34:00,190] multiqc                                            [DEBUG  ]  Ignoring file as matched an ignore pattern: ESM2895_R1__fastqc.html
[2018-05-04 09:34:00,191] multiqc                                            [DEBUG  ]  Ignoring file as matched an ignore pattern: ESM2895_R2__fastqc.html
[2018-05-04 09:34:00,191] multiqc                                            [DEBUG  ]  Ignoring file as matched an ignore pattern: ESM2896_R1__fastqc.html
[2018-05-04 09:34:00,192] multiqc                                            [DEBUG  ]  Ignoring file as matched an ignore pattern: ESM2896_R2__fastqc.html
[2018-05-04 09:34:00,193] multiqc                                            [DEBUG  ]  Ignoring file as matched an ignore pattern: ESM2897_R1__fastqc.html
[2018-05-04 09:34:00,193] multiqc                                            [DEBUG  ]  Ignoring file as matched an ignore pattern: ESM2897_R2__fastqc.html
[2018-05-04 09:34:00,194] multiqc                                            [DEBUG  ]  Ignoring file as matched an ignore pattern: MAR2971_R1__fastqc.html
[2018-05-04 09:34:00,194] multiqc                                            [DEBUG  ]  Ignoring file as matched an ignore pattern: MAR2971_R2__fastqc.html
[2018-05-04 09:34:00,195] multiqc                                            [DEBUG  ]  Ignoring file as matched an ignore pattern: MAR2972_R1__fastqc.html
[2018-05-04 09:34:00,196] multiqc                                            [DEBUG  ]  Ignoring file as matched an ignore pattern: MAR2972_R2__fastqc.html
[2018-05-04 09:34:00,196] multiqc                                            [DEBUG  ]  Ignoring file as matched an ignore pattern: MAR2973_R1__fastqc.html
[2018-05-04 09:34:00,197] multiqc                                            [DEBUG  ]  Ignoring file as matched an ignore pattern: MAR2973_R2__fastqc.html
[2018-05-04 09:34:00,198] multiqc                                            [DEBUG  ]  Ignoring file as matched an ignore pattern: MAR2974_R1__fastqc.html
[2018-05-04 09:34:00,198] multiqc                                            [DEBUG  ]  Ignoring file as matched an ignore pattern: MAR2974_R2__fastqc.html
[2018-05-04 09:34:00,199] multiqc                                            [DEBUG  ]  Ignoring file as matched an ignore pattern: MAR2975_R1__fastqc.html
[2018-05-04 09:34:00,200] multiqc                                            [DEBUG  ]  Ignoring file as matched an ignore pattern: MAR2975_R2__fastqc.html
[2018-05-04 09:34:00,200] multiqc                                            [DEBUG  ]  Ignoring file as matched an ignore pattern: MAR2977_R1__fastqc.html
[2018-05-04 09:34:00,201] multiqc                                            [DEBUG  ]  Ignoring file as matched an ignore pattern: MAR2977_R2__fastqc.html
[2018-05-04 09:34:00,201] multiqc                                            [DEBUG  ]  Ignoring file as matched an ignore pattern: MAR2979_R1__fastqc.html
[2018-05-04 09:34:00,202] multiqc                                            [DEBUG  ]  Ignoring file as matched an ignore pattern: MAR2979_R2__fastqc.html
[2018-05-04 09:34:00,203] multiqc                                            [DEBUG  ]  Ignoring file as matched an ignore pattern: MAR2980_R1__fastqc.html
[2018-05-04 09:34:00,203] multiqc                                            [DEBUG  ]  Ignoring file as matched an ignore pattern: MAR2980_R2__fastqc.html
[2018-05-04 09:34:00,204] multiqc                                            [DEBUG  ]  Ignoring file as matched an ignore pattern: MAR2981_R1__fastqc.html
[2018-05-04 09:34:00,204] multiqc                                            [DEBUG  ]  Ignoring file as matched an ignore pattern: MAR2981_R2__fastqc.html
[2018-05-04 09:34:00,205] multiqc                                            [DEBUG  ]  Ignoring file as matched an ignore pattern: MAR2990_R1__fastqc.html
[2018-05-04 09:34:00,206] multiqc                                            [DEBUG  ]  Ignoring file as matched an ignore pattern: MAR2990_R2__fastqc.html
[2018-05-04 09:34:00,206] multiqc                                            [DEBUG  ]  Ignoring file as matched an ignore pattern: SOR3003_R1__fastqc.html
[2018-05-04 09:34:00,207] multiqc                                            [DEBUG  ]  Ignoring file as matched an ignore pattern: SOR3003_R2__fastqc.html
[2018-05-04 09:34:00,207] multiqc                                            [DEBUG  ]  Ignoring file as matched an ignore pattern: SOR3005_R1__fastqc.html
[2018-05-04 09:34:00,208] multiqc                                            [DEBUG  ]  Ignoring file as matched an ignore pattern: SOR3005_R2__fastqc.html
[2018-05-04 09:34:00,209] multiqc                                            [DEBUG  ]  Ignoring file as matched an ignore pattern: SOR3006_R1__fastqc.html
[2018-05-04 09:34:00,209] multiqc                                            [DEBUG  ]  Ignoring file as matched an ignore pattern: SOR3006_R2__fastqc.html
[2018-05-04 09:34:00,210] multiqc                                            [DEBUG  ]  Ignoring file as matched an ignore pattern: SOR3007_R1__fastqc.html
[2018-05-04 09:34:00,210] multiqc                                            [DEBUG  ]  Ignoring file as matched an ignore pattern: SOR3007_R2__fastqc.html
[2018-05-04 09:34:00,211] multiqc                                            [DEBUG  ]  Ignoring file as matched an ignore pattern: SOR3011_R1__fastqc.html
[2018-05-04 09:34:00,212] multiqc                                            [DEBUG  ]  Ignoring file as matched an ignore pattern: SOR3011_R2__fastqc.html
[2018-05-04 09:34:00,212] multiqc                                            [DEBUG  ]  Ignoring file as matched an ignore pattern: SOR3012_R1__fastqc.html
[2018-05-04 09:34:00,213] multiqc                                            [DEBUG  ]  Ignoring file as matched an ignore pattern: SOR3012_R2__fastqc.html
[2018-05-04 09:34:00,213] multiqc                                            [DEBUG  ]  Ignoring file as matched an ignore pattern: SOR3013_R1__fastqc.html
[2018-05-04 09:34:00,214] multiqc                                            [DEBUG  ]  Ignoring file as matched an ignore pattern: SOR3013_R2__fastqc.html
[2018-05-04 09:34:00,214] multiqc                                            [DEBUG  ]  Ignoring file as matched an ignore pattern: SOR3017_R1__fastqc.html
[2018-05-04 09:34:00,215] multiqc                                            [DEBUG  ]  Ignoring file as matched an ignore pattern: SOR3017_R2__fastqc.html
[2018-05-04 09:34:00,216] multiqc                                            [DEBUG  ]  Ignoring file as matched an ignore pattern: SOR3020_R1__fastqc.html
[2018-05-04 09:34:00,216] multiqc                                            [DEBUG  ]  Ignoring file as matched an ignore pattern: SOR3020_R2__fastqc.html
[2018-05-04 09:34:00,217] multiqc                                            [DEBUG  ]  Ignoring file as matched an ignore pattern: SOR3021_R1__fastqc.html
[2018-05-04 09:34:00,217] multiqc                                            [DEBUG  ]  Ignoring file as matched an ignore pattern: SOR3021_R2__fastqc.html
[2018-05-04 09:34:00,224] multiqc                                            [DEBUG  ]  Ignoring file as matched an ignore pattern: fastqc_report.html
[2018-05-04 09:34:00,243] multiqc                                            [DEBUG  ]  Ignoring file as matched an ignore pattern: fastqc_report.html
[2018-05-04 09:34:00,261] multiqc                                            [DEBUG  ]  Ignoring file as matched an ignore pattern: fastqc_report.html
[2018-05-04 09:34:00,279] multiqc                                            [DEBUG  ]  Ignoring file as matched an ignore pattern: fastqc_report.html
[2018-05-04 09:34:00,296] multiqc                                            [DEBUG  ]  Ignoring file as matched an ignore pattern: fastqc_report.html
[2018-05-04 09:34:00,313] multiqc                                            [DEBUG  ]  Ignoring file as matched an ignore pattern: fastqc_report.html
[2018-05-04 09:34:00,331] multiqc                                            [DEBUG  ]  Ignoring file as matched an ignore pattern: fastqc_report.html
[2018-05-04 09:34:00,348] multiqc                                            [DEBUG  ]  Ignoring file as matched an ignore pattern: fastqc_report.html
[2018-05-04 09:34:00,365] multiqc                                            [DEBUG  ]  Ignoring file as matched an ignore pattern: fastqc_report.html
[2018-05-04 09:34:00,382] multiqc                                            [DEBUG  ]  Ignoring file as matched an ignore pattern: fastqc_report.html
[2018-05-04 09:34:00,399] multiqc                                            [DEBUG  ]  Ignoring file as matched an ignore pattern: fastqc_report.html
[2018-05-04 09:34:00,416] multiqc                                            [DEBUG  ]  Ignoring file as matched an ignore pattern: fastqc_report.html
[2018-05-04 09:34:00,433] multiqc                                            [DEBUG  ]  Ignoring file as matched an ignore pattern: fastqc_report.html
[2018-05-04 09:34:00,449] multiqc                                            [DEBUG  ]  Ignoring file as matched an ignore pattern: fastqc_report.html
[2018-05-04 09:34:00,465] multiqc                                            [DEBUG  ]  Ignoring file as matched an ignore pattern: fastqc_report.html
[2018-05-04 09:34:00,481] multiqc                                            [DEBUG  ]  Ignoring file as matched an ignore pattern: fastqc_report.html
[2018-05-04 09:34:00,497] multiqc                                            [DEBUG  ]  Ignoring file as matched an ignore pattern: fastqc_report.html
[2018-05-04 09:34:00,513] multiqc                                            [DEBUG  ]  Ignoring file as matched an ignore pattern: fastqc_report.html
[2018-05-04 09:34:00,529] multiqc                                            [DEBUG  ]  Ignoring file as matched an ignore pattern: fastqc_report.html
[2018-05-04 09:34:00,544] multiqc                                            [DEBUG  ]  Ignoring file as matched an ignore pattern: fastqc_report.html
[2018-05-04 09:34:00,560] multiqc                                            [DEBUG  ]  Ignoring file as matched an ignore pattern: fastqc_report.html
[2018-05-04 09:34:00,576] multiqc                                            [DEBUG  ]  Ignoring file as matched an ignore pattern: fastqc_report.html
[2018-05-04 09:34:00,592] multiqc                                            [DEBUG  ]  Ignoring file as matched an ignore pattern: fastqc_report.html
[2018-05-04 09:34:00,608] multiqc                                            [DEBUG  ]  Ignoring file as matched an ignore pattern: fastqc_report.html
[2018-05-04 09:34:00,624] multiqc                                            [DEBUG  ]  Ignoring file as matched an ignore pattern: fastqc_report.html
[2018-05-04 09:34:00,640] multiqc                                            [DEBUG  ]  Ignoring file as matched an ignore pattern: fastqc_report.html
[2018-05-04 09:34:00,656] multiqc                                            [DEBUG  ]  Ignoring file as matched an ignore pattern: fastqc_report.html
[2018-05-04 09:34:00,671] multiqc                                            [DEBUG  ]  Ignoring file as matched an ignore pattern: fastqc_report.html
[2018-05-04 09:34:00,687] multiqc                                            [DEBUG  ]  Ignoring file as matched an ignore pattern: fastqc_report.html
[2018-05-04 09:34:00,703] multiqc                                            [DEBUG  ]  Ignoring file as matched an ignore pattern: fastqc_report.html
[2018-05-04 09:34:00,719] multiqc                                            [DEBUG  ]  Ignoring file as matched an ignore pattern: fastqc_report.html
[2018-05-04 09:34:00,735] multiqc                                            [DEBUG  ]  Ignoring file as matched an ignore pattern: fastqc_report.html
[2018-05-04 09:34:00,751] multiqc                                            [DEBUG  ]  Ignoring file as matched an ignore pattern: fastqc_report.html
[2018-05-04 09:34:00,767] multiqc                                            [DEBUG  ]  Ignoring file as matched an ignore pattern: fastqc_report.html
[2018-05-04 09:34:00,783] multiqc                                            [DEBUG  ]  Ignoring file as matched an ignore pattern: fastqc_report.html
[2018-05-04 09:34:00,799] multiqc                                            [DEBUG  ]  Ignoring file as matched an ignore pattern: fastqc_report.html
[2018-05-04 09:34:00,814] multiqc                                            [DEBUG  ]  Ignoring file as matched an ignore pattern: fastqc_report.html
[2018-05-04 09:34:00,830] multiqc                                            [DEBUG  ]  Ignoring file as matched an ignore pattern: fastqc_report.html
[2018-05-04 09:34:00,846] multiqc                                            [DEBUG  ]  Ignoring file as matched an ignore pattern: fastqc_report.html
[2018-05-04 09:34:00,862] multiqc                                            [DEBUG  ]  Ignoring file as matched an ignore pattern: fastqc_report.html
[2018-05-04 09:34:00,878] multiqc                                            [DEBUG  ]  Ignoring file as matched an ignore pattern: fastqc_report.html
[2018-05-04 09:34:00,894] multiqc                                            [DEBUG  ]  Ignoring file as matched an ignore pattern: fastqc_report.html
[2018-05-04 09:34:00,910] multiqc                                            [DEBUG  ]  Ignoring file as matched an ignore pattern: fastqc_report.html
[2018-05-04 09:34:00,926] multiqc                                            [DEBUG  ]  Ignoring file as matched an ignore pattern: fastqc_report.html
[2018-05-04 09:34:00,942] multiqc                                            [DEBUG  ]  Ignoring file as matched an ignore pattern: fastqc_report.html
[2018-05-04 09:34:00,958] multiqc                                            [DEBUG  ]  Ignoring file as matched an ignore pattern: fastqc_report.html
[2018-05-04 09:34:00,974] multiqc                                            [DEBUG  ]  Ignoring file as matched an ignore pattern: fastqc_report.html
[2018-05-04 09:34:00,990] multiqc                                            [DEBUG  ]  Ignoring file as matched an ignore pattern: fastqc_report.html
[2018-05-04 09:34:01,006] multiqc                                            [DEBUG  ]  Ignoring file as matched an ignore pattern: fastqc_report.html
[2018-05-04 09:34:01,021] multiqc                                            [DEBUG  ]  Ignoring file as matched an ignore pattern: fastqc_report.html
[2018-05-04 09:34:01,037] multiqc                                            [DEBUG  ]  Ignoring file as matched an ignore pattern: fastqc_report.html
[2018-05-04 09:34:01,053] multiqc                                            [DEBUG  ]  Ignoring file as matched an ignore pattern: fastqc_report.html
[2018-05-04 09:34:01,069] multiqc                                            [DEBUG  ]  Ignoring file as matched an ignore pattern: fastqc_report.html
[2018-05-04 09:34:01,085] multiqc                                            [DEBUG  ]  Ignoring file as matched an ignore pattern: fastqc_report.html
[2018-05-04 09:34:01,101] multiqc                                            [DEBUG  ]  Ignoring file as matched an ignore pattern: fastqc_report.html
[2018-05-04 09:34:01,117] multiqc                                            [DEBUG  ]  Ignoring file as matched an ignore pattern: fastqc_report.html
[2018-05-04 09:34:01,133] multiqc                                            [DEBUG  ]  Ignoring file as matched an ignore pattern: fastqc_report.html
[2018-05-04 09:34:01,149] multiqc                                            [DEBUG  ]  Ignoring file as matched an ignore pattern: fastqc_report.html
[2018-05-04 09:34:01,165] multiqc                                            [DEBUG  ]  Ignoring file as matched an ignore pattern: fastqc_report.html
[2018-05-04 09:34:01,181] multiqc                                            [DEBUG  ]  Ignoring file as matched an ignore pattern: fastqc_report.html
[2018-05-04 09:34:01,197] multiqc                                            [DEBUG  ]  Ignoring file as matched an ignore pattern: fastqc_report.html
[2018-05-04 09:34:01,213] multiqc                                            [DEBUG  ]  Ignoring file as matched an ignore pattern: fastqc_report.html
[2018-05-04 09:34:01,229] multiqc                                            [DEBUG  ]  Ignoring file as matched an ignore pattern: fastqc_report.html
[2018-05-04 09:34:01,245] multiqc                                            [DEBUG  ]  Ignoring file as matched an ignore pattern: fastqc_report.html
[2018-05-04 09:34:01,261] multiqc                                            [DEBUG  ]  Ignoring file as matched an ignore pattern: fastqc_report.html
[2018-05-04 09:34:01,277] multiqc                                            [DEBUG  ]  Ignoring file as matched an ignore pattern: fastqc_report.html
[2018-05-04 09:34:01,293] multiqc                                            [DEBUG  ]  Ignoring file as matched an ignore pattern: fastqc_report.html
[2018-05-04 09:34:01,309] multiqc                                            [DEBUG  ]  Ignoring file as matched an ignore pattern: fastqc_report.html
[2018-05-04 09:34:01,325] multiqc                                            [DEBUG  ]  Ignoring file as matched an ignore pattern: fastqc_report.html
[2018-05-04 09:34:01,341] multiqc                                            [DEBUG  ]  Ignoring file as matched an ignore pattern: fastqc_report.html
[2018-05-04 09:34:01,357] multiqc                                            [DEBUG  ]  Ignoring file as matched an ignore pattern: fastqc_report.html
[2018-05-04 09:34:01,373] multiqc                                            [DEBUG  ]  Ignoring file as matched an ignore pattern: fastqc_report.html
[2018-05-04 09:34:01,389] multiqc                                            [DEBUG  ]  Ignoring file as matched an ignore pattern: fastqc_report.html
[2018-05-04 09:34:01,405] multiqc                                            [DEBUG  ]  Ignoring file as matched an ignore pattern: fastqc_report.html
[2018-05-04 09:34:01,421] multiqc                                            [DEBUG  ]  Ignoring file as matched an ignore pattern: fastqc_report.html
[2018-05-04 09:34:01,437] multiqc                                            [DEBUG  ]  Ignoring file as matched an ignore pattern: fastqc_report.html
[2018-05-04 09:34:01,453] multiqc                                            [DEBUG  ]  Ignoring file as matched an ignore pattern: fastqc_report.html
[2018-05-04 09:34:01,469] multiqc                                            [DEBUG  ]  Ignoring file as matched an ignore pattern: fastqc_report.html
[2018-05-04 09:34:01,485] multiqc                                            [DEBUG  ]  Ignoring file as matched an ignore pattern: fastqc_report.html
[2018-05-04 09:34:01,501] multiqc                                            [DEBUG  ]  Ignoring file as matched an ignore pattern: fastqc_report.html
[2018-05-04 09:34:01,678] multiqc                                            [DEBUG  ]  No samples found: custom_content
[2018-05-04 09:34:01,681] multiqc                                            [DEBUG  ]  No samples found: conpair
[2018-05-04 09:34:01,683] multiqc                                            [DEBUG  ]  No samples found: peddy
[2018-05-04 09:34:01,685] multiqc                                            [DEBUG  ]  No samples found: methylQA
[2018-05-04 09:34:01,688] multiqc                                            [DEBUG  ]  No samples found: qualimap
[2018-05-04 09:34:01,690] multiqc                                            [DEBUG  ]  No samples found: preseq
[2018-05-04 09:34:01,693] multiqc                                            [DEBUG  ]  No samples found: quast
[2018-05-04 09:34:01,695] multiqc                                            [DEBUG  ]  No samples found: qorts
[2018-05-04 09:34:01,697] multiqc                                            [DEBUG  ]  No samples found: rna_seqc
[2018-05-04 09:34:01,700] multiqc                                            [DEBUG  ]  No samples found: rsem
[2018-05-04 09:34:01,707] multiqc                                            [DEBUG  ]  No samples found: rseqc
[2018-05-04 09:34:01,712] multiqc                                            [DEBUG  ]  No samples found: busco
[2018-05-04 09:34:01,717] multiqc                                            [DEBUG  ]  No samples found: goleft_indexcov
[2018-05-04 09:34:01,722] multiqc                                            [DEBUG  ]  No samples found: disambiguate
[2018-05-04 09:34:01,726] multiqc                                            [DEBUG  ]  No samples found: supernova
[2018-05-04 09:34:01,733] multiqc                                            [DEBUG  ]  No samples found: deeptools
[2018-05-04 09:34:01,738] multiqc                                            [DEBUG  ]  No samples found: sargasso
[2018-05-04 09:34:01,742] multiqc                                            [DEBUG  ]  No samples found: verifybamid
[2018-05-04 09:34:01,748] multiqc                                            [DEBUG  ]  No samples found: homer
[2018-05-04 09:34:01,753] multiqc                                            [DEBUG  ]  No samples found: macs2
[2018-05-04 09:34:01,757] multiqc                                            [DEBUG  ]  No samples found: theta2
[2018-05-04 09:34:01,762] multiqc                                            [DEBUG  ]  No samples found: snpeff
[2018-05-04 09:34:01,769] multiqc                                            [DEBUG  ]  No samples found: gatk
[2018-05-04 09:34:01,773] multiqc                                            [DEBUG  ]  No samples found: htseq
[2018-05-04 09:34:01,778] multiqc                                            [DEBUG  ]  No samples found: bcftools
[2018-05-04 09:34:01,783] multiqc                                            [DEBUG  ]  No samples found: featureCounts
[2018-05-04 09:34:01,788] multiqc                                            [DEBUG  ]  No samples found: dedup
[2018-05-04 09:34:01,796] multiqc                                            [DEBUG  ]  No samples found: picard
[2018-05-04 09:34:01,801] multiqc                                            [DEBUG  ]  No samples found: prokka
[2018-05-04 09:34:01,806] multiqc                                            [DEBUG  ]  No samples found: samblaster
[2018-05-04 09:34:01,812] multiqc                                            [DEBUG  ]  No samples found: samtools
[2018-05-04 09:34:01,817] multiqc                                            [DEBUG  ]  No samples found: bamtools
[2018-05-04 09:34:01,822] multiqc                                            [DEBUG  ]  No samples found: jellyfish
[2018-05-04 09:34:01,826] multiqc                                            [DEBUG  ]  No samples found: vcftools
[2018-05-04 09:34:01,831] multiqc                                            [DEBUG  ]  No samples found: bbmap
[2018-05-04 09:34:01,834] multiqc                                            [DEBUG  ]  No samples found: bismark
[2018-05-04 09:34:01,838] multiqc                                            [DEBUG  ]  No samples found: hicexplorer
[2018-05-04 09:34:01,840] multiqc                                            [DEBUG  ]  No samples found: hicup
[2018-05-04 09:34:01,843] multiqc                                            [DEBUG  ]  No samples found: salmon
[2018-05-04 09:34:01,846] multiqc                                            [DEBUG  ]  No samples found: kallisto
[2018-05-04 09:34:01,849] multiqc                                            [DEBUG  ]  No samples found: slamdunk
[2018-05-04 09:34:01,851] multiqc                                            [DEBUG  ]  No samples found: star
[2018-05-04 09:34:01,854] multiqc                                            [DEBUG  ]  No samples found: hisat2
[2018-05-04 09:34:01,857] multiqc                                            [DEBUG  ]  No samples found: tophat
[2018-05-04 09:34:01,860] multiqc                                            [DEBUG  ]  No samples found: bowtie2
[2018-05-04 09:34:01,863] multiqc                                            [DEBUG  ]  No samples found: bowtie1
[2018-05-04 09:34:01,865] multiqc                                            [DEBUG  ]  No samples found: leehom
[2018-05-04 09:34:01,868] multiqc                                            [DEBUG  ]  No samples found: adapterRemoval
[2018-05-04 09:34:01,871] multiqc                                            [DEBUG  ]  No samples found: clipandmerge
[2018-05-04 09:34:01,874] multiqc                                            [DEBUG  ]  No samples found: cutadapt
[2018-05-04 09:34:01,877] multiqc                                            [DEBUG  ]  No samples found: flexbar
[2018-05-04 09:34:01,879] multiqc                                            [DEBUG  ]  No samples found: trimmomatic
[2018-05-04 09:34:01,882] multiqc                                            [DEBUG  ]  No samples found: skewer
[2018-05-04 09:34:01,885] multiqc                                            [DEBUG  ]  No samples found: sortmerna
[2018-05-04 09:34:01,888] multiqc                                            [DEBUG  ]  No samples found: biobloomtools
[2018-05-04 09:34:01,891] multiqc                                            [DEBUG  ]  No samples found: fastq_screen
[2018-05-04 09:34:01,893] multiqc                                            [DEBUG  ]  No samples found: afterqc
[2018-05-04 09:34:03,111] multiqc.modules.fastqc.fastqc                      [DEBUG  ]  Duplicate sample name found! Overwriting: CAB2918_R1
[2018-05-04 09:34:03,126] multiqc.modules.fastqc.fastqc                      [DEBUG  ]  Duplicate sample name found! Overwriting: CAB2918_R2
[2018-05-04 09:34:03,142] multiqc.modules.fastqc.fastqc                      [DEBUG  ]  Duplicate sample name found! Overwriting: CAB2919_R1
[2018-05-04 09:34:03,156] multiqc.modules.fastqc.fastqc                      [DEBUG  ]  Duplicate sample name found! Overwriting: CAB2919_R2
[2018-05-04 09:34:03,172] multiqc.modules.fastqc.fastqc                      [DEBUG  ]  Duplicate sample name found! Overwriting: CAB2920_R1
[2018-05-04 09:34:03,187] multiqc.modules.fastqc.fastqc                      [DEBUG  ]  Duplicate sample name found! Overwriting: CAB2920_R2
[2018-05-04 09:34:03,202] multiqc.modules.fastqc.fastqc                      [DEBUG  ]  Duplicate sample name found! Overwriting: CAB2921_R1
[2018-05-04 09:34:03,217] multiqc.modules.fastqc.fastqc                      [DEBUG  ]  Duplicate sample name found! Overwriting: CAB2921_R2
[2018-05-04 09:34:03,232] multiqc.modules.fastqc.fastqc                      [DEBUG  ]  Duplicate sample name found! Overwriting: CAB2922_R1
[2018-05-04 09:34:03,247] multiqc.modules.fastqc.fastqc                      [DEBUG  ]  Duplicate sample name found! Overwriting: CAB2922_R2
[2018-05-04 09:34:03,262] multiqc.modules.fastqc.fastqc                      [DEBUG  ]  Duplicate sample name found! Overwriting: CAB2923_R1
[2018-05-04 09:34:03,278] multiqc.modules.fastqc.fastqc                      [DEBUG  ]  Duplicate sample name found! Overwriting: CAB2923_R2
[2018-05-04 09:34:03,293] multiqc.modules.fastqc.fastqc                      [DEBUG  ]  Duplicate sample name found! Overwriting: CAB2924_R1
[2018-05-04 09:34:03,308] multiqc.modules.fastqc.fastqc                      [DEBUG  ]  Duplicate sample name found! Overwriting: CAB2924_R2
[2018-05-04 09:34:03,323] multiqc.modules.fastqc.fastqc                      [DEBUG  ]  Duplicate sample name found! Overwriting: CAB2925_R1
[2018-05-04 09:34:03,338] multiqc.modules.fastqc.fastqc                      [DEBUG  ]  Duplicate sample name found! Overwriting: CAB2925_R2
[2018-05-04 09:34:03,353] multiqc.modules.fastqc.fastqc                      [DEBUG  ]  Duplicate sample name found! Overwriting: CAB2927_R1
[2018-05-04 09:34:03,369] multiqc.modules.fastqc.fastqc                      [DEBUG  ]  Duplicate sample name found! Overwriting: CAB2927_R2
[2018-05-04 09:34:03,384] multiqc.modules.fastqc.fastqc                      [DEBUG  ]  Duplicate sample name found! Overwriting: CAB2931_R1
[2018-05-04 09:34:03,399] multiqc.modules.fastqc.fastqc                      [DEBUG  ]  Duplicate sample name found! Overwriting: CAB2931_R2
[2018-05-04 09:34:03,414] multiqc.modules.fastqc.fastqc                      [DEBUG  ]  Duplicate sample name found! Overwriting: ESM2880_R1
[2018-05-04 09:34:03,429] multiqc.modules.fastqc.fastqc                      [DEBUG  ]  Duplicate sample name found! Overwriting: ESM2880_R2
[2018-05-04 09:34:03,444] multiqc.modules.fastqc.fastqc                      [DEBUG  ]  Duplicate sample name found! Overwriting: ESM2882_R1
[2018-05-04 09:34:03,459] multiqc.modules.fastqc.fastqc                      [DEBUG  ]  Duplicate sample name found! Overwriting: ESM2882_R2
[2018-05-04 09:34:03,474] multiqc.modules.fastqc.fastqc                      [DEBUG  ]  Duplicate sample name found! Overwriting: ESM2883_R1
[2018-05-04 09:34:03,489] multiqc.modules.fastqc.fastqc                      [DEBUG  ]  Duplicate sample name found! Overwriting: ESM2883_R2
[2018-05-04 09:34:03,504] multiqc.modules.fastqc.fastqc                      [DEBUG  ]  Duplicate sample name found! Overwriting: ESM2886_R1
[2018-05-04 09:34:03,519] multiqc.modules.fastqc.fastqc                      [DEBUG  ]  Duplicate sample name found! Overwriting: ESM2886_R2
[2018-05-04 09:34:03,534] multiqc.modules.fastqc.fastqc                      [DEBUG  ]  Duplicate sample name found! Overwriting: ESM2887_R1
[2018-05-04 09:34:03,549] multiqc.modules.fastqc.fastqc                      [DEBUG  ]  Duplicate sample name found! Overwriting: ESM2887_R2
[2018-05-04 09:34:03,565] multiqc.modules.fastqc.fastqc                      [DEBUG  ]  Duplicate sample name found! Overwriting: ESM2888_R1
[2018-05-04 09:34:03,582] multiqc.modules.fastqc.fastqc                      [DEBUG  ]  Duplicate sample name found! Overwriting: ESM2888_R2
[2018-05-04 09:34:03,598] multiqc.modules.fastqc.fastqc                      [DEBUG  ]  Duplicate sample name found! Overwriting: ESM2893_R1
[2018-05-04 09:34:03,613] multiqc.modules.fastqc.fastqc                      [DEBUG  ]  Duplicate sample name found! Overwriting: ESM2893_R2
[2018-05-04 09:34:03,629] multiqc.modules.fastqc.fastqc                      [DEBUG  ]  Duplicate sample name found! Overwriting: ESM2895_R1
[2018-05-04 09:34:03,644] multiqc.modules.fastqc.fastqc                      [DEBUG  ]  Duplicate sample name found! Overwriting: ESM2895_R2
[2018-05-04 09:34:03,660] multiqc.modules.fastqc.fastqc                      [DEBUG  ]  Duplicate sample name found! Overwriting: ESM2896_R1
[2018-05-04 09:34:03,675] multiqc.modules.fastqc.fastqc                      [DEBUG  ]  Duplicate sample name found! Overwriting: ESM2896_R2
[2018-05-04 09:34:03,691] multiqc.modules.fastqc.fastqc                      [DEBUG  ]  Duplicate sample name found! Overwriting: ESM2897_R1
[2018-05-04 09:34:03,706] multiqc.modules.fastqc.fastqc                      [DEBUG  ]  Duplicate sample name found! Overwriting: ESM2897_R2
[2018-05-04 09:34:03,722] multiqc.modules.fastqc.fastqc                      [DEBUG  ]  Duplicate sample name found! Overwriting: MAR2971_R1
[2018-05-04 09:34:03,737] multiqc.modules.fastqc.fastqc                      [DEBUG  ]  Duplicate sample name found! Overwriting: MAR2971_R2
[2018-05-04 09:34:03,752] multiqc.modules.fastqc.fastqc                      [DEBUG  ]  Duplicate sample name found! Overwriting: MAR2972_R1
[2018-05-04 09:34:03,768] multiqc.modules.fastqc.fastqc                      [DEBUG  ]  Duplicate sample name found! Overwriting: MAR2972_R2
[2018-05-04 09:34:03,783] multiqc.modules.fastqc.fastqc                      [DEBUG  ]  Duplicate sample name found! Overwriting: MAR2973_R1
[2018-05-04 09:34:03,799] multiqc.modules.fastqc.fastqc                      [DEBUG  ]  Duplicate sample name found! Overwriting: MAR2973_R2
[2018-05-04 09:34:03,814] multiqc.modules.fastqc.fastqc                      [DEBUG  ]  Duplicate sample name found! Overwriting: MAR2974_R1
[2018-05-04 09:34:03,829] multiqc.modules.fastqc.fastqc                      [DEBUG  ]  Duplicate sample name found! Overwriting: MAR2974_R2
[2018-05-04 09:34:03,845] multiqc.modules.fastqc.fastqc                      [DEBUG  ]  Duplicate sample name found! Overwriting: MAR2975_R1
[2018-05-04 09:34:03,860] multiqc.modules.fastqc.fastqc                      [DEBUG  ]  Duplicate sample name found! Overwriting: MAR2975_R2
[2018-05-04 09:34:03,875] multiqc.modules.fastqc.fastqc                      [DEBUG  ]  Duplicate sample name found! Overwriting: MAR2977_R1
[2018-05-04 09:34:03,891] multiqc.modules.fastqc.fastqc                      [DEBUG  ]  Duplicate sample name found! Overwriting: MAR2977_R2
[2018-05-04 09:34:03,906] multiqc.modules.fastqc.fastqc                      [DEBUG  ]  Duplicate sample name found! Overwriting: MAR2979_R1
[2018-05-04 09:34:03,921] multiqc.modules.fastqc.fastqc                      [DEBUG  ]  Duplicate sample name found! Overwriting: MAR2979_R2
[2018-05-04 09:34:03,936] multiqc.modules.fastqc.fastqc                      [DEBUG  ]  Duplicate sample name found! Overwriting: MAR2980_R1
[2018-05-04 09:34:03,952] multiqc.modules.fastqc.fastqc                      [DEBUG  ]  Duplicate sample name found! Overwriting: MAR2980_R2
[2018-05-04 09:34:03,967] multiqc.modules.fastqc.fastqc                      [DEBUG  ]  Duplicate sample name found! Overwriting: MAR2981_R1
[2018-05-04 09:34:03,982] multiqc.modules.fastqc.fastqc                      [DEBUG  ]  Duplicate sample name found! Overwriting: MAR2981_R2
[2018-05-04 09:34:03,998] multiqc.modules.fastqc.fastqc                      [DEBUG  ]  Duplicate sample name found! Overwriting: MAR2990_R1
[2018-05-04 09:34:04,014] multiqc.modules.fastqc.fastqc                      [DEBUG  ]  Duplicate sample name found! Overwriting: MAR2990_R2
[2018-05-04 09:34:04,029] multiqc.modules.fastqc.fastqc                      [DEBUG  ]  Duplicate sample name found! Overwriting: SOR3003_R1
[2018-05-04 09:34:04,044] multiqc.modules.fastqc.fastqc                      [DEBUG  ]  Duplicate sample name found! Overwriting: SOR3003_R2
[2018-05-04 09:34:04,060] multiqc.modules.fastqc.fastqc                      [DEBUG  ]  Duplicate sample name found! Overwriting: SOR3005_R1
[2018-05-04 09:34:04,075] multiqc.modules.fastqc.fastqc                      [DEBUG  ]  Duplicate sample name found! Overwriting: SOR3005_R2
[2018-05-04 09:34:04,090] multiqc.modules.fastqc.fastqc                      [DEBUG  ]  Duplicate sample name found! Overwriting: SOR3006_R1
[2018-05-04 09:34:04,106] multiqc.modules.fastqc.fastqc                      [DEBUG  ]  Duplicate sample name found! Overwriting: SOR3006_R2
[2018-05-04 09:34:04,121] multiqc.modules.fastqc.fastqc                      [DEBUG  ]  Duplicate sample name found! Overwriting: SOR3007_R1
[2018-05-04 09:34:04,136] multiqc.modules.fastqc.fastqc                      [DEBUG  ]  Duplicate sample name found! Overwriting: SOR3007_R2
[2018-05-04 09:34:04,152] multiqc.modules.fastqc.fastqc                      [DEBUG  ]  Duplicate sample name found! Overwriting: SOR3011_R1
[2018-05-04 09:34:04,167] multiqc.modules.fastqc.fastqc                      [DEBUG  ]  Duplicate sample name found! Overwriting: SOR3011_R2
[2018-05-04 09:34:04,183] multiqc.modules.fastqc.fastqc                      [DEBUG  ]  Duplicate sample name found! Overwriting: SOR3012_R1
[2018-05-04 09:34:04,198] multiqc.modules.fastqc.fastqc                      [DEBUG  ]  Duplicate sample name found! Overwriting: SOR3012_R2
[2018-05-04 09:34:04,213] multiqc.modules.fastqc.fastqc                      [DEBUG  ]  Duplicate sample name found! Overwriting: SOR3013_R1
[2018-05-04 09:34:04,229] multiqc.modules.fastqc.fastqc                      [DEBUG  ]  Duplicate sample name found! Overwriting: SOR3013_R2
[2018-05-04 09:34:04,244] multiqc.modules.fastqc.fastqc                      [DEBUG  ]  Duplicate sample name found! Overwriting: SOR3017_R1
[2018-05-04 09:34:04,259] multiqc.modules.fastqc.fastqc                      [DEBUG  ]  Duplicate sample name found! Overwriting: SOR3017_R2
[2018-05-04 09:34:04,275] multiqc.modules.fastqc.fastqc                      [DEBUG  ]  Duplicate sample name found! Overwriting: SOR3020_R1
[2018-05-04 09:34:04,290] multiqc.modules.fastqc.fastqc                      [DEBUG  ]  Duplicate sample name found! Overwriting: SOR3020_R2
[2018-05-04 09:34:04,305] multiqc.modules.fastqc.fastqc                      [DEBUG  ]  Duplicate sample name found! Overwriting: SOR3021_R1
[2018-05-04 09:34:04,321] multiqc.modules.fastqc.fastqc                      [DEBUG  ]  Duplicate sample name found! Overwriting: SOR3021_R2
[2018-05-04 09:34:04,335] multiqc.modules.fastqc.fastqc                      [INFO   ]  Found 80 reports
[2018-05-04 09:34:18,366] multiqc                                            [DEBUG  ]  No samples found: clusterflow
[2018-05-04 09:34:18,395] multiqc                                            [DEBUG  ]  No samples found: bcl2fastq
[2018-05-04 09:34:18,406] multiqc                                            [DEBUG  ]  No samples found: interop
[2018-05-04 09:34:18,492] multiqc                                            [INFO   ]  Compressing plot data
[2018-05-04 09:34:19,487] multiqc                                            [INFO   ]  Report      : multiqc_report.html
[2018-05-04 09:34:19,488] multiqc                                            [INFO   ]  Data        : multiqc_data
[2018-05-04 09:34:19,488] multiqc                                            [DEBUG  ]  Moving data file from '/tmp/tmpafdpvbev/multiqc_data/multiqc_data.json' to '/home/jpita/Final_assignment/FastQC/multiqc_data'
[2018-05-04 09:34:19,491] multiqc                                            [DEBUG  ]  Moving data file from '/tmp/tmpafdpvbev/multiqc_data/multiqc_sources.txt' to '/home/jpita/Final_assignment/FastQC/multiqc_data'
[2018-05-04 09:34:19,491] multiqc                                            [DEBUG  ]  Moving data file from '/tmp/tmpafdpvbev/multiqc_data/multiqc_general_stats.txt' to '/home/jpita/Final_assignment/FastQC/multiqc_data'
[2018-05-04 09:34:19,492] multiqc                                            [DEBUG  ]  Moving data file from '/tmp/tmpafdpvbev/multiqc_data/mqc_fastqc_adapter_content_plot_1.txt' to '/home/jpita/Final_assignment/FastQC/multiqc_data'
[2018-05-04 09:34:19,492] multiqc                                            [DEBUG  ]  Moving data file from '/tmp/tmpafdpvbev/multiqc_data/mqc_fastqc_overrepresented_sequencesi_plot_1.txt' to '/home/jpita/Final_assignment/FastQC/multiqc_data'
[2018-05-04 09:34:19,492] multiqc                                            [DEBUG  ]  Moving data file from '/tmp/tmpafdpvbev/multiqc_data/mqc_fastqc_sequence_duplication_levels_plot_1.txt' to '/home/jpita/Final_assignment/FastQC/multiqc_data'
[2018-05-04 09:34:19,493] multiqc                                            [DEBUG  ]  Moving data file from '/tmp/tmpafdpvbev/multiqc_data/mqc_fastqc_per_base_n_content_plot_1.txt' to '/home/jpita/Final_assignment/FastQC/multiqc_data'
[2018-05-04 09:34:19,493] multiqc                                            [DEBUG  ]  Moving data file from '/tmp/tmpafdpvbev/multiqc_data/mqc_fastqc_per_sequence_gc_content_plot_Counts.txt' to '/home/jpita/Final_assignment/FastQC/multiqc_data'
[2018-05-04 09:34:19,493] multiqc                                            [DEBUG  ]  Moving data file from '/tmp/tmpafdpvbev/multiqc_data/mqc_fastqc_per_sequence_gc_content_plot_Percentages.txt' to '/home/jpita/Final_assignment/FastQC/multiqc_data'
[2018-05-04 09:34:19,494] multiqc                                            [DEBUG  ]  Moving data file from '/tmp/tmpafdpvbev/multiqc_data/mqc_fastqc_per_sequence_quality_scores_plot_1.txt' to '/home/jpita/Final_assignment/FastQC/multiqc_data'
[2018-05-04 09:34:19,494] multiqc                                            [DEBUG  ]  Moving data file from '/tmp/tmpafdpvbev/multiqc_data/mqc_fastqc_per_base_sequence_quality_plot_1.txt' to '/home/jpita/Final_assignment/FastQC/multiqc_data'
[2018-05-04 09:34:19,494] multiqc                                            [DEBUG  ]  Moving data file from '/tmp/tmpafdpvbev/multiqc_data/multiqc_fastqc.txt' to '/home/jpita/Final_assignment/FastQC/multiqc_data'
[2018-05-04 09:34:19,507] multiqc                                            [INFO   ]  Plots       : multiqc_plots
[2018-05-04 09:34:19,507] multiqc                                            [DEBUG  ]  Moving plots directory from '/tmp/tmpafdpvbev/multiqc_plots/pdf' to '/home/jpita/Final_assignment/FastQC/multiqc_plots'
[2018-05-04 09:34:19,540] multiqc                                            [DEBUG  ]  Moving plots directory from '/tmp/tmpafdpvbev/multiqc_plots/svg' to '/home/jpita/Final_assignment/FastQC/multiqc_plots'
[2018-05-04 09:34:19,586] multiqc                                            [DEBUG  ]  Moving plots directory from '/tmp/tmpafdpvbev/multiqc_plots/png' to '/home/jpita/Final_assignment/FastQC/multiqc_plots'
[2018-05-04 09:34:19,942] multiqc                                            [INFO   ]  MultiQC complete
