[2018-05-08 12:32:41,723] multiqc                                            [DEBUG  ]  No MultiQC config found: /home/jpita/miniconda3/lib/python3.6/site-packages/multiqc_config.yaml
[2018-05-08 12:32:41,723] multiqc                                            [DEBUG  ]  No MultiQC config found: /home/jpita/.multiqc_config.yaml
[2018-05-08 12:32:41,724] multiqc                                            [DEBUG  ]  No MultiQC config found: multiqc_config.yaml
[2018-05-08 12:32:41,724] multiqc                                            [DEBUG  ]  Command used: /home/jpita/miniconda3/bin/multiqc -p .
[2018-05-08 12:32:42,445] multiqc                                            [DEBUG  ]  Latest MultiQC version is v1.5
[2018-05-08 12:32:42,445] multiqc                                            [INFO   ]  This is MultiQC v1.5
[2018-05-08 12:32:42,446] multiqc                                            [DEBUG  ]  Command     : /home/jpita/miniconda3/bin/multiqc -p .
[2018-05-08 12:32:42,446] multiqc                                            [DEBUG  ]  Working dir : /home/jpita/Final_assignment/FastQC_trim
[2018-05-08 12:32:42,446] multiqc                                            [INFO   ]  Template    : default
[2018-05-08 12:32:42,446] multiqc                                            [INFO   ]  Searching '.'
[2018-05-08 12:32:42,446] multiqc                                            [DEBUG  ]  Analysing modules: custom_content, conpair, peddy, methylQA, qualimap, preseq, quast, qorts, rna_seqc, rsem, rseqc, busco, goleft_indexcov, disambiguate, supernova, deeptools, sargasso, verifybamid, homer, macs2, theta2, snpeff, gatk, htseq, bcftools, featureCounts, dedup, picard, prokka, samblaster, samtools, bamtools, jellyfish, vcftools, bbmap, bismark, hicexplorer, hicup, salmon, kallisto, slamdunk, star, hisat2, tophat, bowtie2, bowtie1, leehom, adapterRemoval, clipandmerge, cutadapt, flexbar, trimmomatic, skewer, sortmerna, biobloomtools, fastq_screen, afterqc, fastqc, clusterflow, bcl2fastq, interop
[2018-05-08 12:32:42,447] multiqc                                            [DEBUG  ]  Using temporary directory for creating report: /tmp/tmp59f7r891
[2018-05-08 12:32:43,108] multiqc                                            [DEBUG  ]  Ignoring file as matched an ignore pattern: CAB2918_trim_R1__fastqc.html
[2018-05-08 12:32:43,109] multiqc                                            [DEBUG  ]  Ignoring file as matched an ignore pattern: CAB2918_trim_R2__fastqc.html
[2018-05-08 12:32:43,109] multiqc                                            [DEBUG  ]  Ignoring file as matched an ignore pattern: CAB2919_trim_R1__fastqc.html
[2018-05-08 12:32:43,110] multiqc                                            [DEBUG  ]  Ignoring file as matched an ignore pattern: CAB2919_trim_R2__fastqc.html
[2018-05-08 12:32:43,110] multiqc                                            [DEBUG  ]  Ignoring file as matched an ignore pattern: CAB2920_trim_R1__fastqc.html
[2018-05-08 12:32:43,110] multiqc                                            [DEBUG  ]  Ignoring file as matched an ignore pattern: CAB2920_trim_R2__fastqc.html
[2018-05-08 12:32:43,111] multiqc                                            [DEBUG  ]  Ignoring file as matched an ignore pattern: CAB2921_trim_R1__fastqc.html
[2018-05-08 12:32:43,111] multiqc                                            [DEBUG  ]  Ignoring file as matched an ignore pattern: CAB2921_trim_R2__fastqc.html
[2018-05-08 12:32:43,112] multiqc                                            [DEBUG  ]  Ignoring file as matched an ignore pattern: CAB2922_trim_R1__fastqc.html
[2018-05-08 12:32:43,112] multiqc                                            [DEBUG  ]  Ignoring file as matched an ignore pattern: CAB2922_trim_R2__fastqc.html
[2018-05-08 12:32:43,112] multiqc                                            [DEBUG  ]  Ignoring file as matched an ignore pattern: CAB2923_trim_R1__fastqc.html
[2018-05-08 12:32:43,113] multiqc                                            [DEBUG  ]  Ignoring file as matched an ignore pattern: CAB2923_trim_R2__fastqc.html
[2018-05-08 12:32:43,113] multiqc                                            [DEBUG  ]  Ignoring file as matched an ignore pattern: CAB2924_trim_R1__fastqc.html
[2018-05-08 12:32:43,114] multiqc                                            [DEBUG  ]  Ignoring file as matched an ignore pattern: CAB2924_trim_R2__fastqc.html
[2018-05-08 12:32:43,114] multiqc                                            [DEBUG  ]  Ignoring file as matched an ignore pattern: CAB2925_trim_R1__fastqc.html
[2018-05-08 12:32:43,114] multiqc                                            [DEBUG  ]  Ignoring file as matched an ignore pattern: CAB2925_trim_R2__fastqc.html
[2018-05-08 12:32:43,115] multiqc                                            [DEBUG  ]  Ignoring file as matched an ignore pattern: CAB2927_trim_R1__fastqc.html
[2018-05-08 12:32:43,115] multiqc                                            [DEBUG  ]  Ignoring file as matched an ignore pattern: CAB2927_trim_R2__fastqc.html
[2018-05-08 12:32:43,115] multiqc                                            [DEBUG  ]  Ignoring file as matched an ignore pattern: CAB2931_trim_R1__fastqc.html
[2018-05-08 12:32:43,116] multiqc                                            [DEBUG  ]  Ignoring file as matched an ignore pattern: CAB2931_trim_R2__fastqc.html
[2018-05-08 12:32:43,116] multiqc                                            [DEBUG  ]  Ignoring file as matched an ignore pattern: ESM2880_trim_R1__fastqc.html
[2018-05-08 12:32:43,117] multiqc                                            [DEBUG  ]  Ignoring file as matched an ignore pattern: ESM2880_trim_R2__fastqc.html
[2018-05-08 12:32:43,117] multiqc                                            [DEBUG  ]  Ignoring file as matched an ignore pattern: ESM2882_trim_R1__fastqc.html
[2018-05-08 12:32:43,117] multiqc                                            [DEBUG  ]  Ignoring file as matched an ignore pattern: ESM2882_trim_R2__fastqc.html
[2018-05-08 12:32:43,118] multiqc                                            [DEBUG  ]  Ignoring file as matched an ignore pattern: ESM2883_trim_R1__fastqc.html
[2018-05-08 12:32:43,118] multiqc                                            [DEBUG  ]  Ignoring file as matched an ignore pattern: ESM2883_trim_R2__fastqc.html
[2018-05-08 12:32:43,118] multiqc                                            [DEBUG  ]  Ignoring file as matched an ignore pattern: ESM2886_trim_R1__fastqc.html
[2018-05-08 12:32:43,119] multiqc                                            [DEBUG  ]  Ignoring file as matched an ignore pattern: ESM2886_trim_R2__fastqc.html
[2018-05-08 12:32:43,119] multiqc                                            [DEBUG  ]  Ignoring file as matched an ignore pattern: ESM2887_trim_R1__fastqc.html
[2018-05-08 12:32:43,120] multiqc                                            [DEBUG  ]  Ignoring file as matched an ignore pattern: ESM2887_trim_R2__fastqc.html
[2018-05-08 12:32:43,120] multiqc                                            [DEBUG  ]  Ignoring file as matched an ignore pattern: ESM2888_trim_R1__fastqc.html
[2018-05-08 12:32:43,120] multiqc                                            [DEBUG  ]  Ignoring file as matched an ignore pattern: ESM2888_trim_R2__fastqc.html
[2018-05-08 12:32:43,121] multiqc                                            [DEBUG  ]  Ignoring file as matched an ignore pattern: ESM2893_trim_R1__fastqc.html
[2018-05-08 12:32:43,121] multiqc                                            [DEBUG  ]  Ignoring file as matched an ignore pattern: ESM2893_trim_R2__fastqc.html
[2018-05-08 12:32:43,122] multiqc                                            [DEBUG  ]  Ignoring file as matched an ignore pattern: ESM2895_trim_R1__fastqc.html
[2018-05-08 12:32:43,122] multiqc                                            [DEBUG  ]  Ignoring file as matched an ignore pattern: ESM2895_trim_R2__fastqc.html
[2018-05-08 12:32:43,122] multiqc                                            [DEBUG  ]  Ignoring file as matched an ignore pattern: ESM2896_trim_R1__fastqc.html
[2018-05-08 12:32:43,123] multiqc                                            [DEBUG  ]  Ignoring file as matched an ignore pattern: ESM2896_trim_R2__fastqc.html
[2018-05-08 12:32:43,123] multiqc                                            [DEBUG  ]  Ignoring file as matched an ignore pattern: ESM2897_trim_R1__fastqc.html
[2018-05-08 12:32:43,123] multiqc                                            [DEBUG  ]  Ignoring file as matched an ignore pattern: ESM2897_trim_R2__fastqc.html
[2018-05-08 12:32:43,124] multiqc                                            [DEBUG  ]  Ignoring file as matched an ignore pattern: MAR2971_trim_R1__fastqc.html
[2018-05-08 12:32:43,124] multiqc                                            [DEBUG  ]  Ignoring file as matched an ignore pattern: MAR2971_trim_R2__fastqc.html
[2018-05-08 12:32:43,125] multiqc                                            [DEBUG  ]  Ignoring file as matched an ignore pattern: MAR2972_trim_R1__fastqc.html
[2018-05-08 12:32:43,125] multiqc                                            [DEBUG  ]  Ignoring file as matched an ignore pattern: MAR2972_trim_R2__fastqc.html
[2018-05-08 12:32:43,125] multiqc                                            [DEBUG  ]  Ignoring file as matched an ignore pattern: MAR2973_trim_R1__fastqc.html
[2018-05-08 12:32:43,126] multiqc                                            [DEBUG  ]  Ignoring file as matched an ignore pattern: MAR2973_trim_R2__fastqc.html
[2018-05-08 12:32:43,126] multiqc                                            [DEBUG  ]  Ignoring file as matched an ignore pattern: MAR2974_trim_R1__fastqc.html
[2018-05-08 12:32:43,127] multiqc                                            [DEBUG  ]  Ignoring file as matched an ignore pattern: MAR2974_trim_R2__fastqc.html
[2018-05-08 12:32:43,127] multiqc                                            [DEBUG  ]  Ignoring file as matched an ignore pattern: MAR2975_trim_R1__fastqc.html
[2018-05-08 12:32:43,127] multiqc                                            [DEBUG  ]  Ignoring file as matched an ignore pattern: MAR2975_trim_R2__fastqc.html
[2018-05-08 12:32:43,128] multiqc                                            [DEBUG  ]  Ignoring file as matched an ignore pattern: MAR2977_trim_R1__fastqc.html
[2018-05-08 12:32:43,128] multiqc                                            [DEBUG  ]  Ignoring file as matched an ignore pattern: MAR2977_trim_R2__fastqc.html
[2018-05-08 12:32:43,129] multiqc                                            [DEBUG  ]  Ignoring file as matched an ignore pattern: MAR2979_trim_R1__fastqc.html
[2018-05-08 12:32:43,129] multiqc                                            [DEBUG  ]  Ignoring file as matched an ignore pattern: MAR2979_trim_R2__fastqc.html
[2018-05-08 12:32:43,129] multiqc                                            [DEBUG  ]  Ignoring file as matched an ignore pattern: MAR2980_trim_R1__fastqc.html
[2018-05-08 12:32:43,130] multiqc                                            [DEBUG  ]  Ignoring file as matched an ignore pattern: MAR2980_trim_R2__fastqc.html
[2018-05-08 12:32:43,130] multiqc                                            [DEBUG  ]  Ignoring file as matched an ignore pattern: MAR2981_trim_R1__fastqc.html
[2018-05-08 12:32:43,130] multiqc                                            [DEBUG  ]  Ignoring file as matched an ignore pattern: MAR2981_trim_R2__fastqc.html
[2018-05-08 12:32:43,131] multiqc                                            [DEBUG  ]  Ignoring file as matched an ignore pattern: MAR2990_trim_R1__fastqc.html
[2018-05-08 12:32:43,131] multiqc                                            [DEBUG  ]  Ignoring file as matched an ignore pattern: MAR2990_trim_R2__fastqc.html
[2018-05-08 12:32:43,132] multiqc                                            [DEBUG  ]  Ignoring file as matched an ignore pattern: SOR3003_trim_R1__fastqc.html
[2018-05-08 12:32:43,132] multiqc                                            [DEBUG  ]  Ignoring file as matched an ignore pattern: SOR3003_trim_R2__fastqc.html
[2018-05-08 12:32:43,132] multiqc                                            [DEBUG  ]  Ignoring file as matched an ignore pattern: SOR3005_trim_R1__fastqc.html
[2018-05-08 12:32:43,133] multiqc                                            [DEBUG  ]  Ignoring file as matched an ignore pattern: SOR3005_trim_R2__fastqc.html
[2018-05-08 12:32:43,133] multiqc                                            [DEBUG  ]  Ignoring file as matched an ignore pattern: SOR3006_trim_R1__fastqc.html
[2018-05-08 12:32:43,134] multiqc                                            [DEBUG  ]  Ignoring file as matched an ignore pattern: SOR3006_trim_R2__fastqc.html
[2018-05-08 12:32:43,134] multiqc                                            [DEBUG  ]  Ignoring file as matched an ignore pattern: SOR3007_trim_R1__fastqc.html
[2018-05-08 12:32:43,134] multiqc                                            [DEBUG  ]  Ignoring file as matched an ignore pattern: SOR3007_trim_R2__fastqc.html
[2018-05-08 12:32:43,135] multiqc                                            [DEBUG  ]  Ignoring file as matched an ignore pattern: SOR3011_trim_R1__fastqc.html
[2018-05-08 12:32:43,135] multiqc                                            [DEBUG  ]  Ignoring file as matched an ignore pattern: SOR3011_trim_R2__fastqc.html
[2018-05-08 12:32:43,136] multiqc                                            [DEBUG  ]  Ignoring file as matched an ignore pattern: SOR3012_trim_R1__fastqc.html
[2018-05-08 12:32:43,136] multiqc                                            [DEBUG  ]  Ignoring file as matched an ignore pattern: SOR3012_trim_R2__fastqc.html
[2018-05-08 12:32:43,136] multiqc                                            [DEBUG  ]  Ignoring file as matched an ignore pattern: SOR3013_trim_R1__fastqc.html
[2018-05-08 12:32:43,137] multiqc                                            [DEBUG  ]  Ignoring file as matched an ignore pattern: SOR3013_trim_R2__fastqc.html
[2018-05-08 12:32:43,137] multiqc                                            [DEBUG  ]  Ignoring file as matched an ignore pattern: SOR3017_trim_R1__fastqc.html
[2018-05-08 12:32:43,137] multiqc                                            [DEBUG  ]  Ignoring file as matched an ignore pattern: SOR3017_trim_R2__fastqc.html
[2018-05-08 12:32:43,138] multiqc                                            [DEBUG  ]  Ignoring file as matched an ignore pattern: SOR3020_trim_R1__fastqc.html
[2018-05-08 12:32:43,138] multiqc                                            [DEBUG  ]  Ignoring file as matched an ignore pattern: SOR3020_trim_R2__fastqc.html
[2018-05-08 12:32:43,139] multiqc                                            [DEBUG  ]  Ignoring file as matched an ignore pattern: SOR3021_trim_R1__fastqc.html
[2018-05-08 12:32:43,139] multiqc                                            [DEBUG  ]  Ignoring file as matched an ignore pattern: SOR3021_trim_R2__fastqc.html
[2018-05-08 12:32:47,325] multiqc                                            [DEBUG  ]  No samples found: custom_content
[2018-05-08 12:32:47,409] multiqc                                            [DEBUG  ]  No samples found: conpair
[2018-05-08 12:32:47,520] multiqc                                            [DEBUG  ]  No samples found: peddy
[2018-05-08 12:32:47,583] multiqc                                            [DEBUG  ]  No samples found: methylQA
[2018-05-08 12:32:47,639] multiqc                                            [DEBUG  ]  No samples found: qualimap
[2018-05-08 12:32:47,699] multiqc                                            [DEBUG  ]  No samples found: preseq
[2018-05-08 12:32:47,733] multiqc                                            [DEBUG  ]  No samples found: quast
[2018-05-08 12:32:47,794] multiqc                                            [DEBUG  ]  No samples found: qorts
[2018-05-08 12:32:47,816] multiqc                                            [DEBUG  ]  No samples found: rna_seqc
[2018-05-08 12:32:47,852] multiqc                                            [DEBUG  ]  No samples found: rsem
[2018-05-08 12:32:47,945] multiqc                                            [DEBUG  ]  No samples found: rseqc
[2018-05-08 12:32:47,967] multiqc                                            [DEBUG  ]  No samples found: busco
[2018-05-08 12:32:47,971] multiqc                                            [DEBUG  ]  No samples found: goleft_indexcov
[2018-05-08 12:32:47,975] multiqc                                            [DEBUG  ]  No samples found: disambiguate
[2018-05-08 12:32:48,006] multiqc                                            [DEBUG  ]  No samples found: supernova
[2018-05-08 12:32:48,058] multiqc                                            [DEBUG  ]  No samples found: deeptools
[2018-05-08 12:32:48,092] multiqc                                            [DEBUG  ]  No samples found: sargasso
[2018-05-08 12:32:48,159] multiqc                                            [DEBUG  ]  No samples found: verifybamid
[2018-05-08 12:32:48,171] multiqc                                            [DEBUG  ]  No samples found: homer
[2018-05-08 12:32:48,208] multiqc                                            [DEBUG  ]  No samples found: macs2
[2018-05-08 12:32:48,211] multiqc                                            [DEBUG  ]  No samples found: theta2
[2018-05-08 12:32:48,215] multiqc                                            [DEBUG  ]  No samples found: snpeff
[2018-05-08 12:32:48,243] multiqc                                            [DEBUG  ]  No samples found: gatk
[2018-05-08 12:32:48,310] multiqc                                            [DEBUG  ]  No samples found: htseq
[2018-05-08 12:32:48,351] multiqc                                            [DEBUG  ]  No samples found: bcftools
[2018-05-08 12:32:48,355] multiqc                                            [DEBUG  ]  No samples found: featureCounts
[2018-05-08 12:32:48,381] multiqc                                            [DEBUG  ]  No samples found: dedup
[2018-05-08 12:32:48,419] multiqc                                            [DEBUG  ]  No samples found: picard
[2018-05-08 12:32:48,424] multiqc                                            [DEBUG  ]  No samples found: prokka
[2018-05-08 12:32:48,449] multiqc                                            [DEBUG  ]  No samples found: samblaster
[2018-05-08 12:32:48,564] multiqc                                            [DEBUG  ]  No samples found: samtools
[2018-05-08 12:32:48,597] multiqc                                            [DEBUG  ]  No samples found: bamtools
[2018-05-08 12:32:48,601] multiqc                                            [DEBUG  ]  No samples found: jellyfish
[2018-05-08 12:32:48,681] multiqc                                            [DEBUG  ]  No samples found: vcftools
[2018-05-08 12:32:48,982] multiqc                                            [DEBUG  ]  No samples found: bbmap
[2018-05-08 12:32:49,035] multiqc                                            [DEBUG  ]  No samples found: bismark
[2018-05-08 12:32:49,039] multiqc                                            [DEBUG  ]  No samples found: hicexplorer
[2018-05-08 12:32:49,081] multiqc                                            [DEBUG  ]  No samples found: hicup
[2018-05-08 12:32:49,099] multiqc                                            [DEBUG  ]  No samples found: salmon
[2018-05-08 12:32:49,103] multiqc                                            [DEBUG  ]  No samples found: kallisto
[2018-05-08 12:32:49,170] multiqc                                            [DEBUG  ]  No samples found: slamdunk
[2018-05-08 12:32:49,199] multiqc                                            [DEBUG  ]  No samples found: star
[2018-05-08 12:32:49,203] multiqc                                            [DEBUG  ]  No samples found: hisat2
[2018-05-08 12:32:49,280] multiqc                                            [DEBUG  ]  No samples found: tophat
[2018-05-08 12:32:49,304] multiqc                                            [DEBUG  ]  No samples found: bowtie2
[2018-05-08 12:32:49,322] multiqc                                            [DEBUG  ]  No samples found: bowtie1
[2018-05-08 12:32:49,326] multiqc                                            [DEBUG  ]  No samples found: leehom
[2018-05-08 12:32:49,330] multiqc                                            [DEBUG  ]  No samples found: adapterRemoval
[2018-05-08 12:32:49,350] multiqc                                            [DEBUG  ]  No samples found: clipandmerge
[2018-05-08 12:32:49,363] multiqc                                            [DEBUG  ]  No samples found: cutadapt
[2018-05-08 12:32:49,380] multiqc                                            [DEBUG  ]  No samples found: flexbar
[2018-05-08 12:32:49,397] multiqc                                            [DEBUG  ]  No samples found: trimmomatic
[2018-05-08 12:32:49,402] multiqc                                            [DEBUG  ]  No samples found: skewer
[2018-05-08 12:32:49,422] multiqc                                            [DEBUG  ]  No samples found: sortmerna
[2018-05-08 12:32:49,464] multiqc                                            [DEBUG  ]  No samples found: biobloomtools
[2018-05-08 12:32:49,468] multiqc                                            [DEBUG  ]  No samples found: fastq_screen
[2018-05-08 12:32:49,492] multiqc                                            [DEBUG  ]  No samples found: afterqc
[2018-05-08 12:32:53,196] multiqc.modules.fastqc.fastqc                      [INFO   ]  Found 80 reports
[2018-05-08 12:33:07,513] multiqc                                            [DEBUG  ]  No samples found: clusterflow
[2018-05-08 12:33:07,532] multiqc                                            [DEBUG  ]  No samples found: bcl2fastq
[2018-05-08 12:33:07,555] multiqc                                            [DEBUG  ]  No samples found: interop
[2018-05-08 12:33:07,677] multiqc                                            [INFO   ]  Compressing plot data
[2018-05-08 12:33:09,101] multiqc                                            [INFO   ]  Report      : multiqc_report.html
[2018-05-08 12:33:09,101] multiqc                                            [INFO   ]  Data        : multiqc_data
[2018-05-08 12:33:09,101] multiqc                                            [DEBUG  ]  Moving data file from '/tmp/tmp59f7r891/multiqc_data/multiqc_data.json' to '/home/jpita/Final_assignment/FastQC_trim/multiqc_data'
[2018-05-08 12:33:09,106] multiqc                                            [DEBUG  ]  Moving data file from '/tmp/tmp59f7r891/multiqc_data/multiqc_sources.txt' to '/home/jpita/Final_assignment/FastQC_trim/multiqc_data'
[2018-05-08 12:33:09,107] multiqc                                            [DEBUG  ]  Moving data file from '/tmp/tmp59f7r891/multiqc_data/multiqc_general_stats.txt' to '/home/jpita/Final_assignment/FastQC_trim/multiqc_data'
[2018-05-08 12:33:09,107] multiqc                                            [DEBUG  ]  Moving data file from '/tmp/tmp59f7r891/multiqc_data/mqc_fastqc_adapter_content_plot_1.txt' to '/home/jpita/Final_assignment/FastQC_trim/multiqc_data'
[2018-05-08 12:33:09,107] multiqc                                            [DEBUG  ]  Moving data file from '/tmp/tmp59f7r891/multiqc_data/mqc_fastqc_overrepresented_sequencesi_plot_1.txt' to '/home/jpita/Final_assignment/FastQC_trim/multiqc_data'
[2018-05-08 12:33:09,107] multiqc                                            [DEBUG  ]  Moving data file from '/tmp/tmp59f7r891/multiqc_data/mqc_fastqc_sequence_duplication_levels_plot_1.txt' to '/home/jpita/Final_assignment/FastQC_trim/multiqc_data'
[2018-05-08 12:33:09,108] multiqc                                            [DEBUG  ]  Moving data file from '/tmp/tmp59f7r891/multiqc_data/mqc_fastqc_sequence_length_distribution_plot_1.txt' to '/home/jpita/Final_assignment/FastQC_trim/multiqc_data'
[2018-05-08 12:33:09,108] multiqc                                            [DEBUG  ]  Moving data file from '/tmp/tmp59f7r891/multiqc_data/mqc_fastqc_per_base_n_content_plot_1.txt' to '/home/jpita/Final_assignment/FastQC_trim/multiqc_data'
[2018-05-08 12:33:09,108] multiqc                                            [DEBUG  ]  Moving data file from '/tmp/tmp59f7r891/multiqc_data/mqc_fastqc_per_sequence_gc_content_plot_Counts.txt' to '/home/jpita/Final_assignment/FastQC_trim/multiqc_data'
[2018-05-08 12:33:09,109] multiqc                                            [DEBUG  ]  Moving data file from '/tmp/tmp59f7r891/multiqc_data/mqc_fastqc_per_sequence_gc_content_plot_Percentages.txt' to '/home/jpita/Final_assignment/FastQC_trim/multiqc_data'
[2018-05-08 12:33:09,109] multiqc                                            [DEBUG  ]  Moving data file from '/tmp/tmp59f7r891/multiqc_data/mqc_fastqc_per_sequence_quality_scores_plot_1.txt' to '/home/jpita/Final_assignment/FastQC_trim/multiqc_data'
[2018-05-08 12:33:09,110] multiqc                                            [DEBUG  ]  Moving data file from '/tmp/tmp59f7r891/multiqc_data/mqc_fastqc_per_base_sequence_quality_plot_1.txt' to '/home/jpita/Final_assignment/FastQC_trim/multiqc_data'
[2018-05-08 12:33:09,110] multiqc                                            [DEBUG  ]  Moving data file from '/tmp/tmp59f7r891/multiqc_data/multiqc_fastqc.txt' to '/home/jpita/Final_assignment/FastQC_trim/multiqc_data'
[2018-05-08 12:33:09,110] multiqc                                            [INFO   ]  Plots       : multiqc_plots
[2018-05-08 12:33:09,111] multiqc                                            [DEBUG  ]  Moving plots directory from '/tmp/tmp59f7r891/multiqc_plots/pdf' to '/home/jpita/Final_assignment/FastQC_trim/multiqc_plots'
[2018-05-08 12:33:09,113] multiqc                                            [DEBUG  ]  Moving plots directory from '/tmp/tmp59f7r891/multiqc_plots/svg' to '/home/jpita/Final_assignment/FastQC_trim/multiqc_plots'
[2018-05-08 12:33:09,116] multiqc                                            [DEBUG  ]  Moving plots directory from '/tmp/tmp59f7r891/multiqc_plots/png' to '/home/jpita/Final_assignment/FastQC_trim/multiqc_plots'
[2018-05-08 12:33:09,800] multiqc                                            [INFO   ]  MultiQC complete
